{"C:\\Users\\andre\\OneDrive\\Documents\\La_Fosse\\La_Fosse_LAPs\\LAP_2\\LAP2_Project\\Community-App\\server\\database\\connect.js": {"path":"C:\\Users\\andre\\OneDrive\\Documents\\La_Fosse\\La_Fosse_LAPs\\LAP_2\\LAP2_Project\\Community-App\\server\\database\\connect.js","statementMap":{"0":{"start":{"line":1,"column":17},"end":{"line":1,"column":30}},"1":{"start":{"line":3,"column":11},"end":{"line":5,"column":2}},"2":{"start":{"line":7,"column":0},"end":{"line":7,"column":19}}},"fnMap":{},"branchMap":{},"s":{"0":2,"1":2,"2":2},"f":{},"b":{},"_coverageSchema":"1a1c01bbd47fc00a2c39e90264f33305004495a9","hash":"8f958382c1e4c5b37586ff3e90d9353d7329ca4e"}
,"C:\\Users\\andre\\OneDrive\\Documents\\La_Fosse\\La_Fosse_LAPs\\LAP_2\\LAP2_Project\\Community-App\\server\\models\\library.js": {"path":"C:\\Users\\andre\\OneDrive\\Documents\\La_Fosse\\La_Fosse_LAPs\\LAP_2\\LAP2_Project\\Community-App\\server\\models\\library.js","statementMap":{"0":{"start":{"line":1,"column":11},"end":{"line":1,"column":41}},"1":{"start":{"line":5,"column":9},"end":{"line":5,"column":31}},"2":{"start":{"line":6,"column":9},"end":{"line":6,"column":27}},"3":{"start":{"line":7,"column":9},"end":{"line":7,"column":29}},"4":{"start":{"line":8,"column":9},"end":{"line":8,"column":35}},"5":{"start":{"line":9,"column":9},"end":{"line":9,"column":33}},"6":{"start":{"line":10,"column":9},"end":{"line":10,"column":25}},"7":{"start":{"line":11,"column":9},"end":{"line":11,"column":35}},"8":{"start":{"line":12,"column":9},"end":{"line":12,"column":41}},"9":{"start":{"line":13,"column":9},"end":{"line":13,"column":47}},"10":{"start":{"line":14,"column":9},"end":{"line":14,"column":33}},"11":{"start":{"line":18,"column":25},"end":{"line":18,"column":78}},"12":{"start":{"line":19,"column":8},"end":{"line":21,"column":9}},"13":{"start":{"line":20,"column":12},"end":{"line":20,"column":50}},"14":{"start":{"line":22,"column":8},"end":{"line":22,"column":51}},"15":{"start":{"line":22,"column":38},"end":{"line":22,"column":49}},"16":{"start":{"line":26,"column":25},"end":{"line":26,"column":102}},"17":{"start":{"line":27,"column":8},"end":{"line":29,"column":9}},"18":{"start":{"line":28,"column":12},"end":{"line":28,"column":50}},"19":{"start":{"line":30,"column":8},"end":{"line":30,"column":51}},"20":{"start":{"line":30,"column":38},"end":{"line":30,"column":49}},"21":{"start":{"line":34,"column":25},"end":{"line":34,"column":88}},"22":{"start":{"line":35,"column":8},"end":{"line":37,"column":9}},"23":{"start":{"line":36,"column":12},"end":{"line":36,"column":58}},"24":{"start":{"line":38,"column":8},"end":{"line":38,"column":42}},"25":{"start":{"line":42,"column":25},"end":{"line":42,"column":96}},"26":{"start":{"line":43,"column":8},"end":{"line":45,"column":9}},"27":{"start":{"line":44,"column":12},"end":{"line":44,"column":58}},"28":{"start":{"line":46,"column":8},"end":{"line":46,"column":42}},"29":{"start":{"line":51,"column":25},"end":{"line":51,"column":87}},"30":{"start":{"line":52,"column":8},"end":{"line":54,"column":9}},"31":{"start":{"line":53,"column":12},"end":{"line":53,"column":58}},"32":{"start":{"line":55,"column":8},"end":{"line":55,"column":42}},"33":{"start":{"line":59,"column":101},"end":{"line":59,"column":105}},"34":{"start":{"line":60,"column":25},"end":{"line":60,"column":283}},"35":{"start":{"line":61,"column":19},"end":{"line":61,"column":43}},"36":{"start":{"line":62,"column":24},"end":{"line":62,"column":49}},"37":{"start":{"line":63,"column":8},"end":{"line":63,"column":32}},"38":{"start":{"line":67,"column":91},"end":{"line":67,"column":95}},"39":{"start":{"line":68,"column":25},"end":{"line":69,"column":97}},"40":{"start":{"line":70,"column":8},"end":{"line":72,"column":9}},"41":{"start":{"line":71,"column":12},"end":{"line":71,"column":53}},"42":{"start":{"line":74,"column":8},"end":{"line":74,"column":41}},"43":{"start":{"line":78,"column":25},"end":{"line":78,"column":108}},"44":{"start":{"line":79,"column":8},"end":{"line":81,"column":9}},"45":{"start":{"line":80,"column":12},"end":{"line":80,"column":53}},"46":{"start":{"line":82,"column":8},"end":{"line":82,"column":42}},"47":{"start":{"line":87,"column":0},"end":{"line":87,"column":21}}},"fnMap":{"0":{"name":"(anonymous_0)","decl":{"start":{"line":4,"column":4},"end":{"line":4,"column":5}},"loc":{"start":{"line":4,"column":121},"end":{"line":15,"column":5}},"line":4},"1":{"name":"(anonymous_1)","decl":{"start":{"line":17,"column":4},"end":{"line":17,"column":5}},"loc":{"start":{"line":17,"column":26},"end":{"line":23,"column":5}},"line":17},"2":{"name":"(anonymous_2)","decl":{"start":{"line":22,"column":33},"end":{"line":22,"column":34}},"loc":{"start":{"line":22,"column":38},"end":{"line":22,"column":49}},"line":22},"3":{"name":"(anonymous_3)","decl":{"start":{"line":25,"column":4},"end":{"line":25,"column":5}},"loc":{"start":{"line":25,"column":44},"end":{"line":31,"column":5}},"line":25},"4":{"name":"(anonymous_4)","decl":{"start":{"line":30,"column":33},"end":{"line":30,"column":34}},"loc":{"start":{"line":30,"column":38},"end":{"line":30,"column":49}},"line":30},"5":{"name":"(anonymous_5)","decl":{"start":{"line":33,"column":4},"end":{"line":33,"column":5}},"loc":{"start":{"line":33,"column":32},"end":{"line":39,"column":5}},"line":33},"6":{"name":"(anonymous_6)","decl":{"start":{"line":41,"column":4},"end":{"line":41,"column":5}},"loc":{"start":{"line":41,"column":38},"end":{"line":47,"column":5}},"line":41},"7":{"name":"(anonymous_7)","decl":{"start":{"line":50,"column":4},"end":{"line":50,"column":5}},"loc":{"start":{"line":50,"column":36},"end":{"line":56,"column":5}},"line":50},"8":{"name":"(anonymous_8)","decl":{"start":{"line":58,"column":4},"end":{"line":58,"column":5}},"loc":{"start":{"line":58,"column":31},"end":{"line":64,"column":5}},"line":58},"9":{"name":"(anonymous_9)","decl":{"start":{"line":66,"column":4},"end":{"line":66,"column":5}},"loc":{"start":{"line":66,"column":24},"end":{"line":75,"column":5}},"line":66},"10":{"name":"(anonymous_10)","decl":{"start":{"line":77,"column":4},"end":{"line":77,"column":5}},"loc":{"start":{"line":77,"column":20},"end":{"line":83,"column":5}},"line":77}},"branchMap":{"0":{"loc":{"start":{"line":19,"column":8},"end":{"line":21,"column":9}},"type":"if","locations":[{"start":{"line":19,"column":8},"end":{"line":21,"column":9}},{"start":{},"end":{}}],"line":19},"1":{"loc":{"start":{"line":27,"column":8},"end":{"line":29,"column":9}},"type":"if","locations":[{"start":{"line":27,"column":8},"end":{"line":29,"column":9}},{"start":{},"end":{}}],"line":27},"2":{"loc":{"start":{"line":35,"column":8},"end":{"line":37,"column":9}},"type":"if","locations":[{"start":{"line":35,"column":8},"end":{"line":37,"column":9}},{"start":{},"end":{}}],"line":35},"3":{"loc":{"start":{"line":43,"column":8},"end":{"line":45,"column":9}},"type":"if","locations":[{"start":{"line":43,"column":8},"end":{"line":45,"column":9}},{"start":{},"end":{}}],"line":43},"4":{"loc":{"start":{"line":52,"column":8},"end":{"line":54,"column":9}},"type":"if","locations":[{"start":{"line":52,"column":8},"end":{"line":54,"column":9}},{"start":{},"end":{}}],"line":52},"5":{"loc":{"start":{"line":70,"column":8},"end":{"line":72,"column":9}},"type":"if","locations":[{"start":{"line":70,"column":8},"end":{"line":72,"column":9}},{"start":{},"end":{}}],"line":70},"6":{"loc":{"start":{"line":79,"column":8},"end":{"line":81,"column":9}},"type":"if","locations":[{"start":{"line":79,"column":8},"end":{"line":81,"column":9}},{"start":{},"end":{}}],"line":79}},"s":{"0":1,"1":12,"2":12,"3":12,"4":12,"5":12,"6":12,"7":12,"8":12,"9":12,"10":12,"11":2,"12":2,"13":1,"14":1,"15":3,"16":2,"17":2,"18":1,"19":1,"20":3,"21":3,"22":1,"23":0,"24":1,"25":3,"26":1,"27":0,"28":1,"29":1,"30":1,"31":0,"32":1,"33":2,"34":2,"35":1,"36":1,"37":0,"38":1,"39":1,"40":0,"41":0,"42":0,"43":1,"44":1,"45":0,"46":1,"47":1},"f":{"0":12,"1":2,"2":3,"3":2,"4":3,"5":3,"6":3,"7":1,"8":2,"9":1,"10":1},"b":{"0":[1,1],"1":[1,1],"2":[0,1],"3":[0,1],"4":[0,1],"5":[0,0],"6":[0,1]},"_coverageSchema":"1a1c01bbd47fc00a2c39e90264f33305004495a9","hash":"94099a14a24661a33a328984b16860460285f785"}
,"C:\\Users\\andre\\OneDrive\\Documents\\La_Fosse\\La_Fosse_LAPs\\LAP_2\\LAP2_Project\\Community-App\\server\\models\\user.js": {"path":"C:\\Users\\andre\\OneDrive\\Documents\\La_Fosse\\La_Fosse_LAPs\\LAP_2\\LAP2_Project\\Community-App\\server\\models\\user.js","statementMap":{"0":{"start":{"line":1,"column":11},"end":{"line":1,"column":41}},"1":{"start":{"line":6,"column":8},"end":{"line":6,"column":26}},"2":{"start":{"line":7,"column":8},"end":{"line":7,"column":33}},"3":{"start":{"line":8,"column":8},"end":{"line":8,"column":33}},"4":{"start":{"line":12,"column":25},"end":{"line":12,"column":94}},"5":{"start":{"line":13,"column":8},"end":{"line":15,"column":9}},"6":{"start":{"line":14,"column":12},"end":{"line":14,"column":54}},"7":{"start":{"line":16,"column":8},"end":{"line":16,"column":42}},"8":{"start":{"line":20,"column":25},"end":{"line":20,"column":101}},"9":{"start":{"line":21,"column":8},"end":{"line":23,"column":9}},"10":{"start":{"line":22,"column":12},"end":{"line":22,"column":54}},"11":{"start":{"line":24,"column":8},"end":{"line":24,"column":42}},"12":{"start":{"line":28,"column":39},"end":{"line":28,"column":43}},"13":{"start":{"line":29,"column":23},"end":{"line":30,"column":33}},"14":{"start":{"line":31,"column":22},"end":{"line":31,"column":46}},"15":{"start":{"line":32,"column":24},"end":{"line":32,"column":52}},"16":{"start":{"line":33,"column":8},"end":{"line":33,"column":23}},"17":{"start":{"line":37,"column":0},"end":{"line":37,"column":22}}},"fnMap":{"0":{"name":"(anonymous_0)","decl":{"start":{"line":5,"column":4},"end":{"line":5,"column":5}},"loc":{"start":{"line":5,"column":49},"end":{"line":9,"column":5}},"line":5},"1":{"name":"(anonymous_1)","decl":{"start":{"line":11,"column":4},"end":{"line":11,"column":5}},"loc":{"start":{"line":11,"column":32},"end":{"line":17,"column":5}},"line":11},"2":{"name":"(anonymous_2)","decl":{"start":{"line":19,"column":4},"end":{"line":19,"column":5}},"loc":{"start":{"line":19,"column":44},"end":{"line":25,"column":5}},"line":19},"3":{"name":"(anonymous_3)","decl":{"start":{"line":27,"column":4},"end":{"line":27,"column":5}},"loc":{"start":{"line":27,"column":30},"end":{"line":34,"column":5}},"line":27}},"branchMap":{"0":{"loc":{"start":{"line":13,"column":8},"end":{"line":15,"column":9}},"type":"if","locations":[{"start":{"line":13,"column":8},"end":{"line":15,"column":9}},{"start":{},"end":{}}],"line":13},"1":{"loc":{"start":{"line":21,"column":8},"end":{"line":23,"column":9}},"type":"if","locations":[{"start":{"line":21,"column":8},"end":{"line":23,"column":9}},{"start":{},"end":{}}],"line":21}},"s":{"0":1,"1":2,"2":2,"3":2,"4":3,"5":2,"6":0,"7":2,"8":1,"9":0,"10":0,"11":0,"12":0,"13":0,"14":0,"15":0,"16":0,"17":1},"f":{"0":2,"1":3,"2":1,"3":0},"b":{"0":[0,2],"1":[0,0]},"_coverageSchema":"1a1c01bbd47fc00a2c39e90264f33305004495a9","hash":"bd43189ebf12360cecdd7043fccfbe2531ec04a6"}
}
