TN:
SF:database\connect.js
FNF:0
FNH:0
DA:1,2
DA:3,2
DA:7,2
LF:3
LH:3
BRF:0
BRH:0
end_of_record
TN:
SF:models\library.js
FN:4,(anonymous_0)
FN:17,(anonymous_1)
FN:22,(anonymous_2)
FN:25,(anonymous_3)
FN:30,(anonymous_4)
FN:33,(anonymous_5)
FN:41,(anonymous_6)
FN:50,(anonymous_7)
FN:58,(anonymous_8)
FN:66,(anonymous_9)
FN:77,(anonymous_10)
FNF:11
FNH:11
FNDA:12,(anonymous_0)
FNDA:2,(anonymous_1)
FNDA:3,(anonymous_2)
FNDA:2,(anonymous_3)
FNDA:3,(anonymous_4)
FNDA:3,(anonymous_5)
FNDA:3,(anonymous_6)
FNDA:1,(anonymous_7)
FNDA:2,(anonymous_8)
FNDA:1,(anonymous_9)
FNDA:1,(anonymous_10)
DA:1,1
DA:5,12
DA:6,12
DA:7,12
DA:8,12
DA:9,12
DA:10,12
DA:11,12
DA:12,12
DA:13,12
DA:14,12
DA:18,2
DA:19,2
DA:20,1
DA:22,3
DA:26,2
DA:27,2
DA:28,1
DA:30,3
DA:34,3
DA:35,1
DA:36,0
DA:38,1
DA:42,3
DA:43,1
DA:44,0
DA:46,1
DA:51,1
DA:52,1
DA:53,0
DA:55,1
DA:59,2
DA:60,2
DA:61,1
DA:62,1
DA:63,0
DA:67,1
DA:68,1
DA:70,0
DA:71,0
DA:74,0
DA:78,1
DA:79,1
DA:80,0
DA:82,1
DA:87,1
LF:46
LH:38
BRDA:19,0,0,1
BRDA:19,0,1,1
BRDA:27,1,0,1
BRDA:27,1,1,1
BRDA:35,2,0,0
BRDA:35,2,1,1
BRDA:43,3,0,0
BRDA:43,3,1,1
BRDA:52,4,0,0
BRDA:52,4,1,1
BRDA:70,5,0,0
BRDA:70,5,1,0
BRDA:79,6,0,0
BRDA:79,6,1,1
BRF:14
BRH:8
end_of_record
TN:
SF:models\user.js
FN:5,(anonymous_0)
FN:11,(anonymous_1)
FN:19,(anonymous_2)
FN:27,(anonymous_3)
FNF:4
FNH:3
FNDA:2,(anonymous_0)
FNDA:3,(anonymous_1)
FNDA:1,(anonymous_2)
FNDA:0,(anonymous_3)
DA:1,1
DA:6,2
DA:7,2
DA:8,2
DA:12,3
DA:13,2
DA:14,0
DA:16,2
DA:20,1
DA:21,0
DA:22,0
DA:24,0
DA:28,0
DA:29,0
DA:31,0
DA:32,0
DA:33,0
DA:37,1
LF:18
LH:9
BRDA:13,0,0,0
BRDA:13,0,1,2
BRDA:21,1,0,0
BRDA:21,1,1,0
BRF:4
BRH:1
end_of_record
